CRITICAL - 2024-11-22 11:17:34 --> Undefined variable $turnosModel
#0 C:\xampp\htdocs\BarberiaKing\app\Controllers\Turnos_controller.php(198): CodeIgniter\Debug\Exceptions->errorHandler(2, 'Undefined varia...', 'C:\\xampp\\htdocs...', 198)
#1 C:\xampp\htdocs\BarberiaKing\system\CodeIgniter.php(832): App\Controllers\Turnos_controller->Turno_completado('11')
#2 C:\xampp\htdocs\BarberiaKing\system\CodeIgniter.php(419): CodeIgniter\CodeIgniter->runController(Object(App\Controllers\Turnos_controller))
#3 C:\xampp\htdocs\BarberiaKing\system\CodeIgniter.php(326): CodeIgniter\CodeIgniter->handleRequest(NULL, Object(Config\Cache), false)
#4 C:\xampp\htdocs\BarberiaKing\index.php(45): CodeIgniter\CodeIgniter->run()
#5 {main}
CRITICAL - 2024-11-22 11:18:08 --> Undefined variable $turnos_Model
#0 C:\xampp\htdocs\BarberiaKing\app\Controllers\Turnos_controller.php(198): CodeIgniter\Debug\Exceptions->errorHandler(2, 'Undefined varia...', 'C:\\xampp\\htdocs...', 198)
#1 C:\xampp\htdocs\BarberiaKing\system\CodeIgniter.php(832): App\Controllers\Turnos_controller->Turno_completado('11')
#2 C:\xampp\htdocs\BarberiaKing\system\CodeIgniter.php(419): CodeIgniter\CodeIgniter->runController(Object(App\Controllers\Turnos_controller))
#3 C:\xampp\htdocs\BarberiaKing\system\CodeIgniter.php(326): CodeIgniter\CodeIgniter->handleRequest(NULL, Object(Config\Cache), false)
#4 C:\xampp\htdocs\BarberiaKing\index.php(45): CodeIgniter\CodeIgniter->run()
#5 {main}
CRITICAL - 2024-11-22 11:19:48 --> Undefined variable $Turnos_model
#0 C:\xampp\htdocs\BarberiaKing\app\Controllers\Turnos_controller.php(202): CodeIgniter\Debug\Exceptions->errorHandler(2, 'Undefined varia...', 'C:\\xampp\\htdocs...', 202)
#1 C:\xampp\htdocs\BarberiaKing\system\CodeIgniter.php(832): App\Controllers\Turnos_controller->Turno_completado('11')
#2 C:\xampp\htdocs\BarberiaKing\system\CodeIgniter.php(419): CodeIgniter\CodeIgniter->runController(Object(App\Controllers\Turnos_controller))
#3 C:\xampp\htdocs\BarberiaKing\system\CodeIgniter.php(326): CodeIgniter\CodeIgniter->handleRequest(NULL, Object(Config\Cache), false)
#4 C:\xampp\htdocs\BarberiaKing\index.php(45): CodeIgniter\CodeIgniter->run()
#5 {main}
CRITICAL - 2024-11-22 11:39:27 --> Undefined array key "id"
#0 C:\xampp\htdocs\BarberiaKing\app\Views\turnos\ListaTurnos_view.php(34): CodeIgniter\Debug\Exceptions->errorHandler(2, 'Undefined array...', 'C:\\xampp\\htdocs...', 34)
#1 C:\xampp\htdocs\BarberiaKing\system\View\View.php(210): include('C:\\xampp\\htdocs...')
#2 C:\xampp\htdocs\BarberiaKing\system\View\View.php(213): CodeIgniter\View\View->CodeIgniter\View\{closure}()
#3 C:\xampp\htdocs\BarberiaKing\system\Common.php(1089): CodeIgniter\View\View->render('turnos/ListaTur...', Array, true)
#4 C:\xampp\htdocs\BarberiaKing\app\Controllers\Turnos_controller.php(74): view('turnos/ListaTur...', Array)
#5 C:\xampp\htdocs\BarberiaKing\system\CodeIgniter.php(832): App\Controllers\Turnos_controller->ListarTurnos()
#6 C:\xampp\htdocs\BarberiaKing\system\CodeIgniter.php(419): CodeIgniter\CodeIgniter->runController(Object(App\Controllers\Turnos_controller))
#7 C:\xampp\htdocs\BarberiaKing\system\CodeIgniter.php(326): CodeIgniter\CodeIgniter->handleRequest(NULL, Object(Config\Cache), false)
#8 C:\xampp\htdocs\BarberiaKing\index.php(45): CodeIgniter\CodeIgniter->run()
#9 {main}
CRITICAL - 2024-11-22 11:39:40 --> Undefined variable $barber
#0 C:\xampp\htdocs\BarberiaKing\app\Views\turnos\ListaTurnos_view.php(35): CodeIgniter\Debug\Exceptions->errorHandler(2, 'Undefined varia...', 'C:\\xampp\\htdocs...', 35)
#1 C:\xampp\htdocs\BarberiaKing\system\View\View.php(210): include('C:\\xampp\\htdocs...')
#2 C:\xampp\htdocs\BarberiaKing\system\View\View.php(213): CodeIgniter\View\View->CodeIgniter\View\{closure}()
#3 C:\xampp\htdocs\BarberiaKing\system\Common.php(1089): CodeIgniter\View\View->render('turnos/ListaTur...', Array, true)
#4 C:\xampp\htdocs\BarberiaKing\app\Controllers\Turnos_controller.php(74): view('turnos/ListaTur...', Array)
#5 C:\xampp\htdocs\BarberiaKing\system\CodeIgniter.php(832): App\Controllers\Turnos_controller->ListarTurnos()
#6 C:\xampp\htdocs\BarberiaKing\system\CodeIgniter.php(419): CodeIgniter\CodeIgniter->runController(Object(App\Controllers\Turnos_controller))
#7 C:\xampp\htdocs\BarberiaKing\system\CodeIgniter.php(326): CodeIgniter\CodeIgniter->handleRequest(NULL, Object(Config\Cache), false)
#8 C:\xampp\htdocs\BarberiaKing\index.php(45): CodeIgniter\CodeIgniter->run()
#9 {main}
CRITICAL - 2024-11-22 11:42:29 --> Undefined variable $validation
#0 C:\xampp\htdocs\BarberiaKing\app\Views\turnos\ListaTurnos_view.php(49): CodeIgniter\Debug\Exceptions->errorHandler(2, 'Undefined varia...', 'C:\\xampp\\htdocs...', 49)
#1 C:\xampp\htdocs\BarberiaKing\system\View\View.php(210): include('C:\\xampp\\htdocs...')
#2 C:\xampp\htdocs\BarberiaKing\system\View\View.php(213): CodeIgniter\View\View->CodeIgniter\View\{closure}()
#3 C:\xampp\htdocs\BarberiaKing\system\Common.php(1089): CodeIgniter\View\View->render('turnos/ListaTur...', Array, true)
#4 C:\xampp\htdocs\BarberiaKing\app\Controllers\Turnos_controller.php(74): view('turnos/ListaTur...', Array)
#5 C:\xampp\htdocs\BarberiaKing\system\CodeIgniter.php(832): App\Controllers\Turnos_controller->ListarTurnos()
#6 C:\xampp\htdocs\BarberiaKing\system\CodeIgniter.php(419): CodeIgniter\CodeIgniter->runController(Object(App\Controllers\Turnos_controller))
#7 C:\xampp\htdocs\BarberiaKing\system\CodeIgniter.php(326): CodeIgniter\CodeIgniter->handleRequest(NULL, Object(Config\Cache), false)
#8 C:\xampp\htdocs\BarberiaKing\index.php(45): CodeIgniter\CodeIgniter->run()
#9 {main}
CRITICAL - 2024-11-22 12:22:11 --> Undefined array key "id"
#0 C:\xampp\htdocs\BarberiaKing\app\Views\turnos\ListaTurnos_view.php(43): CodeIgniter\Debug\Exceptions->errorHandler(2, 'Undefined array...', 'C:\\xampp\\htdocs...', 43)
#1 C:\xampp\htdocs\BarberiaKing\system\View\View.php(210): include('C:\\xampp\\htdocs...')
#2 C:\xampp\htdocs\BarberiaKing\system\View\View.php(213): CodeIgniter\View\View->CodeIgniter\View\{closure}()
#3 C:\xampp\htdocs\BarberiaKing\system\Common.php(1089): CodeIgniter\View\View->render('turnos/ListaTur...', Array, true)
#4 C:\xampp\htdocs\BarberiaKing\app\Controllers\Turnos_controller.php(74): view('turnos/ListaTur...', Array)
#5 C:\xampp\htdocs\BarberiaKing\system\CodeIgniter.php(832): App\Controllers\Turnos_controller->ListarTurnos()
#6 C:\xampp\htdocs\BarberiaKing\system\CodeIgniter.php(419): CodeIgniter\CodeIgniter->runController(Object(App\Controllers\Turnos_controller))
#7 C:\xampp\htdocs\BarberiaKing\system\CodeIgniter.php(326): CodeIgniter\CodeIgniter->handleRequest(NULL, Object(Config\Cache), false)
#8 C:\xampp\htdocs\BarberiaKing\index.php(45): CodeIgniter\CodeIgniter->run()
#9 {main}
